<?xml version="1.0" encoding="UTF-8"?>
<!-- Generated by org.testng.reporters.JUnitReportReporter -->
<testsuite name="Assessment.AddUser" tests="2" time="43.627" ignored="0" failures="0" timestamp="23 Jun 2020 08:01:28 GMT" skipped="0" hostname="DESKTOP-1F69PF7" errors="0">
  <testcase name="addUser" time="29.836" classname="Assessment.AddUser"/>
  <testcase name="addUser" time="13.791" classname="Assessment.AddUser"/>
</testsuite> <!-- Assessment.AddUser -->
